03.02.2013 10:22:22: Starting log...
03.02.2013 10:22:22: [] Creating critical sections...
03.02.2013 10:22:22: []Creating scan form...
03.02.2013 10:22:22: [] Creating plugin list...
03.02.2013 10:22:22: [] Creating bitmaps...
03.02.2013 10:22:22: [] Assigning pictures...
03.02.2013 10:22:22: [] Creating WAV player...
03.02.2013 10:22:22: [] Query performance...
03.02.2013 10:22:22: [] Creating arpeggiator...
03.02.2013 10:22:22: [] Creating step sequencer...
03.02.2013 10:22:22: [] Creating CC gater...
03.02.2013 10:22:22: [] Creating syntax...
03.02.2013 10:22:22: [] Creating scanfolder form...
03.02.2013 10:22:22: [] Creating MIDI tools...
03.02.2013 10:22:23: [] Creating MIDI player...
03.02.2013 10:22:23: [] Creating panel...
03.02.2013 10:22:23: [] Creating about box...
03.02.2013 10:22:23: [] Creating settings...
03.02.2013 10:22:23: [] Creating MIDI ports...
03.02.2013 10:22:23: Querying MIDI driver list
03.02.2013 10:22:23: Counting MIDI-In devices...
03.02.2013 10:22:23: MIDI-In device count: 0
03.02.2013 10:22:23: Counting MIDI-Out devices...
03.02.2013 10:22:23: MIDI-Out device count: 1
03.02.2013 10:22:23: MIDI-Out device 0: Microsoft GS Wavetable Synth
03.02.2013 10:22:23: [] assign MidiData
03.02.2013 10:22:23: [] setting scrollbar colors
03.02.2013 10:22:23: [] creating preset manager
03.02.2013 10:22:23: [] creating randomizer
03.02.2013 10:22:23: [] creating parlist
03.02.2013 10:22:23: [] creating cc list
03.02.2013 10:22:23: [] creating keys form
03.02.2013 10:22:23: [] creating midi file
03.02.2013 10:22:23: [] creating reg
03.02.2013 10:22:36: [] creating ini
03.02.2013 10:22:36: Querying ASIO driver list
03.02.2013 10:22:36: ASIO driver list received
03.02.2013 10:22:36: ASIO driver: ASIO4ALL v2
03.02.2013 10:22:36: ASIO change start: ASIO4ALL v2
03.02.2013 10:22:36: Audio stopped
03.02.2013 10:22:36: Starting Audio...
03.02.2013 10:22:36: Audio started
03.02.2013 10:22:36: ASIO change end
03.02.2013 10:22:36: Audio stopped
03.02.2013 10:22:36: Starting Audio...
03.02.2013 10:22:36: Audio started
03.02.2013 10:22:36: Update recent
03.02.2013 10:22:36: Load WAV: 
03.02.2013 10:22:36: Loading plugin list
03.02.2013 10:22:36: Initialisation finished!
03.02.2013 10:22:52: Load plugin: C:\shareware 2009\distance_sensor_sound\eFemme.dll
03.02.2013 10:22:52: Audio stopped
03.02.2013 10:22:52: Starting plugin unload...
03.02.2013 10:22:52: Sending Panic...
03.02.2013 10:22:52: Stopping audio...
03.02.2013 10:22:52: Audio stopped
03.02.2013 10:22:52: Freeing WavWriter...
03.02.2013 10:22:52: Plugin successfully unloaded
03.02.2013 10:22:52: Plugin init start
03.02.2013 10:22:52: Plugin init end
03.02.2013 10:22:52: Buffers created
03.02.2013 10:22:52: GUI assigned
03.02.2013 10:22:52: GUI displayed
03.02.2013 10:22:52: Build PresetList
03.02.2013 10:22:52: Starting Audio...
03.02.2013 10:22:52: Audio started
03.02.2013 10:22:52: Update recent
03.02.2013 10:22:52: Generating presets 1
03.02.2013 10:22:52: Generating presets 2
03.02.2013 10:22:52: Generating parameter list
03.02.2013 10:22:52: Loading VST plugin settings
03.02.2013 10:22:52: Plugin successfully loaded...
03.02.2013 10:22:52: Starting color detection
03.02.2013 10:22:53: Finished color detection
03.02.2013 10:22:59: Load plugin: C:\shareware 2009\distance_sensor_sound\Odyssey.dll
03.02.2013 10:22:59: Audio stopped
03.02.2013 10:22:59: Starting plugin unload...
03.02.2013 10:22:59: Sending Panic...
03.02.2013 10:22:59: Stopping audio...
03.02.2013 10:22:59: Audio stopped
03.02.2013 10:22:59: Freeing WavWriter...
03.02.2013 10:22:59: Close Plugin GUI
03.02.2013 10:22:59: Close Plugin
03.02.2013 10:22:59: Unload Plugin
03.02.2013 10:22:59: Plugin successfully unloaded
03.02.2013 10:23:00: Plugin init start
03.02.2013 10:23:00: Plugin init end
03.02.2013 10:23:00: Buffers created
03.02.2013 10:23:00: GUI assigned
03.02.2013 10:23:00: GUI displayed
03.02.2013 10:23:00: Build PresetList
03.02.2013 10:23:00: Starting Audio...
03.02.2013 10:23:00: Audio started
03.02.2013 10:23:00: Update recent
03.02.2013 10:23:00: Generating presets 1
03.02.2013 10:23:00: Generating presets 2
03.02.2013 10:23:00: Generating parameter list
03.02.2013 10:23:00: Loading VST plugin settings
03.02.2013 10:23:00: Plugin successfully loaded...
03.02.2013 10:23:00: Starting color detection
03.02.2013 10:23:00: Finished color detection
03.02.2013 10:23:25: Starting plugin unload...
03.02.2013 10:23:25: Sending Panic...
03.02.2013 10:23:25: Stopping audio...
03.02.2013 10:23:25: Audio stopped
03.02.2013 10:23:25: Freeing WavWriter...
03.02.2013 10:23:25: Close Plugin GUI
03.02.2013 10:23:25: Close Plugin
03.02.2013 10:23:25: Unload Plugin
03.02.2013 10:23:25: Plugin successfully unloaded
03.02.2013 10:23:25: Starting destroying
03.02.2013 10:23:25: Stopping Audio
03.02.2013 10:23:25: Audio stopped
03.02.2013 10:23:25: Destroying BankManager
03.02.2013 10:23:25: Unhooking keyboard
03.02.2013 10:23:25: Saving settings
03.02.2013 10:23:26: Destroying Syntax
03.02.2013 10:23:26: Destroying ScanFolders
03.02.2013 10:23:26: Destroying Arpeggiator
03.02.2013 10:23:26: Destroying StepSequencer
03.02.2013 10:23:26: Destroying Gater
03.02.2013 10:23:26: Destroying Midi ports
03.02.2013 10:23:26: Destroying WAV player
03.02.2013 10:23:26: Destroying plugin list
03.02.2013 10:23:26: Destroying VST buffers
03.02.2013 10:23:26: Destroying done...everything ok
